#
# A fatal error has been detected by the Java Runtime Environment:
#
#  EXCEPTION_ACCESS_VIOLATION (0xc0000005) at pc=0x00007ff82cb33427, pid=11772, tid=10300
#
# JRE version: Java(TM) SE Runtime Environment (12.0.1+12) (build 12.0.1+12)
# Java VM: Java HotSpot(TM) 64-Bit Server VM (12.0.1+12, mixed mode, sharing, tiered, compressed oops, g1 gc, windows-amd64)
# Problematic frame:
# V  [jvm.dll+0x3a3427]
#
# No core dump will be written. Minidumps are not enabled by default on client versions of Windows
#
# If you would like to submit a bug report, please visit:
#   http://bugreport.java.com/bugreport/crash.jsp
#

---------------  S U M M A R Y ------------

Command Line: -ea -Dfile.encoding=Cp1252 org.testng.remote.RemoteTestNG -serport 63888 -protocol json -d E:\WebdriverMAnager-Jupiter\RestAssuredLearning\test-output C:\Users\WIN10\AppData\Local\Temp\testng-eclipse--1502234876\testng-customsuite.xml

Host: Intel(R) Celeron(R) CPU  J1800  @ 2.41GHz, 2 cores, 3G,  Windows 10 , 64 bit Build 17134 (10.0.17134.753)
Time: Thu Sep 19 18:44:53 2019 India Standard Time elapsed time: 0 seconds (0d 0h 0m 0s)

---------------  T H R E A D  ---------------

Current thread (0x000001e57fd65000):  JavaThread "C1 CompilerThread0" daemon [_thread_in_vm, id=10300, stack(0x000000a379f00000,0x000000a37a000000)]

Stack: [0x000000a379f00000,0x000000a37a000000],  sp=0x000000a379fff6d8,  free space=1021k
Native frames: (J=compiled Java code, j=interpreted, Vv=VM code, C=native code)
V  [jvm.dll+0x3a3427]


siginfo: EXCEPTION_ACCESS_VIOLATION (0xc0000005), reading address 0x0000000000000035


Register to memory mapping:

RIP=0x00007ff82cb33427 jvm.dll
RAX=0x0000000000000035 is an unknown value
RBX=0x000001e57fd65000 is a thread
RCX=0x0 is NULL
RDX=0x0 is NULL
RSP=0x000000a379fff6d8 is pointing into the stack for thread: 0x000001e57fd65000
RBP=0x000000a379fffb90 is pointing into the stack for thread: 0x000001e57fd65000
RSI=0x0000000000100000 is an unknown value
RDI=0x0000000000004e93 is an unknown value
R8 =0x0000000000000138 is an unknown value
R9 =0x0 is NULL
R10=0x000001e57fd60690 points into unknown readable memory: 50 1b ce 7f e5 01 00 00
R11=0x000001e57fd60e60 points into unknown readable memory: 00 00 00 00 00 00 00 00
R12=0x0 is NULL
R13=0x0 is NULL
R14=0x000001e57fd65000 is a thread
R15=0x0 is NULL


Registers:
RAX=0x0000000000000035, RBX=0x000001e57fd65000, RCX=0x0000000000000000, RDX=0x0000000000000000
RSP=0x000000a379fff6d8, RBP=0x000000a379fffb90, RSI=0x0000000000100000, RDI=0x0000000000004e93
R8 =0x0000000000000138, R9 =0x0000000000000000, R10=0x000001e57fd60690, R11=0x000001e57fd60e60
R12=0x0000000000000000, R13=0x0000000000000000, R14=0x000001e57fd65000, R15=0x0000000000000000
RIP=0x00007ff82cb33427, EFLAGS=0x0000000000010246

Top of Stack: (sp=0x000000a379fff6d8)
0x000000a379fff6d8:   00007ff82cedf595 000001e57fd65000
0x000000a379fff6e8:   000001e57fd65000 0000000000100000
0x000000a379fff6f8:   00007ff85ad34feb 000000a379fff780
0x000000a379fff708:   00007ff82cb5f47e 0000000000000000
0x000000a379fff718:   000000a378f6c000 0000000000000000
0x000000a379fff728:   00007ff85ad34fa8 000000a379fff780
0x000000a379fff738:   0000000000000000 0000000000000000
0x000000a379fff748:   0000000000000000 000000a379f00000
0x000000a379fff758:   00007ff82ced8648 0000000000000000
0x000000a379fff768:   0000000000000000 0000000000000000
0x000000a379fff778:   0000000000000000 0000000000000000
0x000000a379fff788:   0000000000000000 0000000000000000
0x000000a379fff798:   0000000000000000 0000000000000000
0x000000a379fff7a8:   0000000000000000 00001f800010001b
0x000000a379fff7b8:   0000000000000033 00000200002b0000
0x000000a379fff7c8:   0000000000000000 0000000000000000 

Instructions: (pc=0x00007ff82cb33427)
0x00007ff82cb33407:   83 c4 28 c3 32 c0 48 83 c4 28 c3 cc cc cc cc cc
0x00007ff82cb33417:   cc cc cc cc cc cc cc cc cc 48 63 05 f1 18 6f 00
0x00007ff82cb33427:   80 3c 08 00 0f 95 c0 c3 cc 40 53 48 83 ec 20 48
0x00007ff82cb33437:   8b d9 48 85 c9 74 5c 48 8b 15 b3 e1 70 00 48 85 


Stack slot to memory mapping:
stack at sp + 0 slots: 0x00007ff82cedf595 jvm.dll
stack at sp + 1 slots: 0x000001e57fd65000 is a thread
stack at sp + 2 slots: 0x000001e57fd65000 is a thread
stack at sp + 3 slots: 0x0000000000100000 is an unknown value
stack at sp + 4 slots: 0x00007ff85ad34feb ntdll.dll
stack at sp + 5 slots: 0x000000a379fff780 is pointing into the stack for thread: 0x000001e57fd65000
stack at sp + 6 slots: 0x00007ff82cb5f47e jvm.dll
stack at sp + 7 slots: 0x0 is NULL


---------------  P R O C E S S  ---------------

Threads class SMR info:
_java_thread_list=0x000001e57fce6090, length=8, elements={
0x000001e57b745800, 0x000001e57fcd4800, 0x000001e57fcd6800, 0x000001e57fcf1800,
0x000001e57fcf3800, 0x000001e57fcf4800, 0x000001e57fd65000, 0x000001e57fd66800
}

Java Threads: ( => current thread )
  0x000001e57b745800 JavaThread "main" [_thread_in_Java, id=11620, stack(0x000000a379300000,0x000000a379400000)]
  0x000001e57fcd4800 JavaThread "Reference Handler" daemon [_thread_blocked, id=9620, stack(0x000000a379a00000,0x000000a379b00000)]
  0x000001e57fcd6800 JavaThread "Finalizer" daemon [_thread_blocked, id=7044, stack(0x000000a379b00000,0x000000a379c00000)]
  0x000001e57fcf1800 JavaThread "Signal Dispatcher" daemon [_thread_blocked, id=9752, stack(0x000000a379c00000,0x000000a379d00000)]
  0x000001e57fcf3800 JavaThread "Attach Listener" daemon [_thread_blocked, id=5352, stack(0x000000a379d00000,0x000000a379e00000)]
  0x000001e57fcf4800 JavaThread "C2 CompilerThread0" daemon [_thread_blocked, id=4364, stack(0x000000a379e00000,0x000000a379f00000)]
=>0x000001e57fd65000 JavaThread "C1 CompilerThread0" daemon [_thread_in_vm, id=10300, stack(0x000000a379f00000,0x000000a37a000000)]
  0x000001e57fd66800 JavaThread "Sweeper thread" daemon [_thread_blocked, id=2828, stack(0x000000a37a000000,0x000000a37a100000)]

Other Threads:
  0x000001e57fcd0000 VMThread "VM Thread" [stack: 0x000000a379900000,0x000000a379a00000] [id=11648]
  0x000001e57b771800 GCTaskThread "GC Thread#0" [stack: 0x000000a379400000,0x000000a379500000] [id=1940]
  0x000001e57b779800 ConcurrentGCThread "G1 Main Marker" [stack: 0x000000a379500000,0x000000a379600000] [id=6284]
  0x000001e57b77c800 ConcurrentGCThread "G1 Conc#0" [stack: 0x000000a379600000,0x000000a379700000] [id=8416]
  0x000001e57b7cc800 ConcurrentGCThread "G1 Refine#0" [stack: 0x000000a379700000,0x000000a379800000] [id=9792]
  0x000001e57b7cd800 ConcurrentGCThread "G1 Young RemSet Sampling" [stack: 0x000000a379800000,0x000000a379900000] [id=11468]

Threads with active compile tasks:

VM state:not at safepoint (normal execution)

VM Mutex/Monitor currently owned by a thread:  ([mutex/lock_event])
[0x000001e57b742020] Module_lock - owner thread: 0x000001e57b745800

Heap address: 0x00000000c1a00000, size: 998 MB, Compressed Oops mode: 32-bit
Narrow klass base: 0x0000000800000000, Narrow klass shift: 3
Compressed class space size: 1073741824 Address: 0x00000008011a0000

Heap:
 garbage-first heap   total 65536K, used 0K [0x00000000c1a00000, 0x0000000100000000)
  region size 1024K, 1 young (1024K), 0 survivors (0K)
 Metaspace       used 113K, capacity 4480K, committed 4480K, reserved 1056768K
  class space    used 2K, capacity 384K, committed 384K, reserved 1048576K
Heap Regions: E=young(eden), S=young(survivor), O=old, HS=humongous(starts), HC=humongous(continues), CS=collection set, F=free, A=archive, TAMS=top-at-mark-start (previous, next)
|   0|0x00000000c1a00000, 0x00000000c1a00000, 0x00000000c1b00000|  0%| F|  |TAMS 0x00000000c1a00000, 0x00000000c1a00000| Untracked 
|   1|0x00000000c1b00000, 0x00000000c1b00000, 0x00000000c1c00000|  0%| F|  |TAMS 0x00000000c1b00000, 0x00000000c1b00000| Untracked 
|   2|0x00000000c1c00000, 0x00000000c1c00000, 0x00000000c1d00000|  0%| F|  |TAMS 0x00000000c1c00000, 0x00000000c1c00000| Untracked 
|   3|0x00000000c1d00000, 0x00000000c1d00000, 0x00000000c1e00000|  0%| F|  |TAMS 0x00000000c1d00000, 0x00000000c1d00000| Untracked 
|   4|0x00000000c1e00000, 0x00000000c1e00000, 0x00000000c1f00000|  0%| F|  |TAMS 0x00000000c1e00000, 0x00000000c1e00000| Untracked 
|   5|0x00000000c1f00000, 0x00000000c1f00000, 0x00000000c2000000|  0%| F|  |TAMS 0x00000000c1f00000, 0x00000000c1f00000| Untracked 
|   6|0x00000000c2000000, 0x00000000c2000000, 0x00000000c2100000|  0%| F|  |TAMS 0x00000000c2000000, 0x00000000c2000000| Untracked 
|   7|0x00000000c2100000, 0x00000000c2100000, 0x00000000c2200000|  0%| F|  |TAMS 0x00000000c2100000, 0x00000000c2100000| Untracked 
|   8|0x00000000c2200000, 0x00000000c2200000, 0x00000000c2300000|  0%| F|  |TAMS 0x00000000c2200000, 0x00000000c2200000| Untracked 
|   9|0x00000000c2300000, 0x00000000c2300000, 0x00000000c2400000|  0%| F|  |TAMS 0x00000000c2300000, 0x00000000c2300000| Untracked 
|  10|0x00000000c2400000, 0x00000000c2400000, 0x00000000c2500000|  0%| F|  |TAMS 0x00000000c2400000, 0x00000000c2400000| Untracked 
|  11|0x00000000c2500000, 0x00000000c2500000, 0x00000000c2600000|  0%| F|  |TAMS 0x00000000c2500000, 0x00000000c2500000| Untracked 
|  12|0x00000000c2600000, 0x00000000c2600000, 0x00000000c2700000|  0%| F|  |TAMS 0x00000000c2600000, 0x00000000c2600000| Untracked 
|  13|0x00000000c2700000, 0x00000000c2700000, 0x00000000c2800000|  0%| F|  |TAMS 0x00000000c2700000, 0x00000000c2700000| Untracked 
|  14|0x00000000c2800000, 0x00000000c2800000, 0x00000000c2900000|  0%| F|  |TAMS 0x00000000c2800000, 0x00000000c2800000| Untracked 
|  15|0x00000000c2900000, 0x00000000c2900000, 0x00000000c2a00000|  0%| F|  |TAMS 0x00000000c2900000, 0x00000000c2900000| Untracked 
|  16|0x00000000c2a00000, 0x00000000c2a00000, 0x00000000c2b00000|  0%| F|  |TAMS 0x00000000c2a00000, 0x00000000c2a00000| Untracked 
|  17|0x00000000c2b00000, 0x00000000c2b00000, 0x00000000c2c00000|  0%| F|  |TAMS 0x00000000c2b00000, 0x00000000c2b00000| Untracked 
|  18|0x00000000c2c00000, 0x00000000c2c00000, 0x00000000c2d00000|  0%| F|  |TAMS 0x00000000c2c00000, 0x00000000c2c00000| Untracked 
|  19|0x00000000c2d00000, 0x00000000c2d00000, 0x00000000c2e00000|  0%| F|  |TAMS 0x00000000c2d00000, 0x00000000c2d00000| Untracked 
|  20|0x00000000c2e00000, 0x00000000c2e00000, 0x00000000c2f00000|  0%| F|  |TAMS 0x00000000c2e00000, 0x00000000c2e00000| Untracked 
|  21|0x00000000c2f00000, 0x00000000c2f00000, 0x00000000c3000000|  0%| F|  |TAMS 0x00000000c2f00000, 0x00000000c2f00000| Untracked 
|  22|0x00000000c3000000, 0x00000000c3000000, 0x00000000c3100000|  0%| F|  |TAMS 0x00000000c3000000, 0x00000000c3000000| Untracked 
|  23|0x00000000c3100000, 0x00000000c3100000, 0x00000000c3200000|  0%| F|  |TAMS 0x00000000c3100000, 0x00000000c3100000| Untracked 
|  24|0x00000000c3200000, 0x00000000c3200000, 0x00000000c3300000|  0%| F|  |TAMS 0x00000000c3200000, 0x00000000c3200000| Untracked 
|  25|0x00000000c3300000, 0x00000000c3300000, 0x00000000c3400000|  0%| F|  |TAMS 0x00000000c3300000, 0x00000000c3300000| Untracked 
|  26|0x00000000c3400000, 0x00000000c3400000, 0x00000000c3500000|  0%| F|  |TAMS 0x00000000c3400000, 0x00000000c3400000| Untracked 
|  27|0x00000000c3500000, 0x00000000c3500000, 0x00000000c3600000|  0%| F|  |TAMS 0x00000000c3500000, 0x00000000c3500000| Untracked 
|  28|0x00000000c3600000, 0x00000000c3600000, 0x00000000c3700000|  0%| F|  |TAMS 0x00000000c3600000, 0x00000000c3600000| Untracked 
|  29|0x00000000c3700000, 0x00000000c3700000, 0x00000000c3800000|  0%| F|  |TAMS 0x00000000c3700000, 0x00000000c3700000| Untracked 
|  30|0x00000000c3800000, 0x00000000c3800000, 0x00000000c3900000|  0%| F|  |TAMS 0x00000000c3800000, 0x00000000c3800000| Untracked 
|  31|0x00000000c3900000, 0x00000000c3900000, 0x00000000c3a00000|  0%| F|  |TAMS 0x00000000c3900000, 0x00000000c3900000| Untracked 
|  32|0x00000000c3a00000, 0x00000000c3a00000, 0x00000000c3b00000|  0%| F|  |TAMS 0x00000000c3a00000, 0x00000000c3a00000| Untracked 
|  33|0x00000000c3b00000, 0x00000000c3b00000, 0x00000000c3c00000|  0%| F|  |TAMS 0x00000000c3b00000, 0x00000000c3b00000| Untracked 
|  34|0x00000000c3c00000, 0x00000000c3c00000, 0x00000000c3d00000|  0%| F|  |TAMS 0x00000000c3c00000, 0x00000000c3c00000| Untracked 
|  35|0x00000000c3d00000, 0x00000000c3d00000, 0x00000000c3e00000|  0%| F|  |TAMS 0x00000000c3d00000, 0x00000000c3d00000| Untracked 
|  36|0x00000000c3e00000, 0x00000000c3e00000, 0x00000000c3f00000|  0%| F|  |TAMS 0x00000000c3e00000, 0x00000000c3e00000| Untracked 
|  37|0x00000000c3f00000, 0x00000000c3f00000, 0x00000000c4000000|  0%| F|  |TAMS 0x00000000c3f00000, 0x00000000c3f00000| Untracked 
|  38|0x00000000c4000000, 0x00000000c4000000, 0x00000000c4100000|  0%| F|  |TAMS 0x00000000c4000000, 0x00000000c4000000| Untracked 
|  39|0x00000000c4100000, 0x00000000c4100000, 0x00000000c4200000|  0%| F|  |TAMS 0x00000000c4100000, 0x00000000c4100000| Untracked 
|  40|0x00000000c4200000, 0x00000000c4200000, 0x00000000c4300000|  0%| F|  |TAMS 0x00000000c4200000, 0x00000000c4200000| Untracked 
|  41|0x00000000c4300000, 0x00000000c4300000, 0x00000000c4400000|  0%| F|  |TAMS 0x00000000c4300000, 0x00000000c4300000| Untracked 
|  42|0x00000000c4400000, 0x00000000c4400000, 0x00000000c4500000|  0%| F|  |TAMS 0x00000000c4400000, 0x00000000c4400000| Untracked 
|  43|0x00000000c4500000, 0x00000000c4500000, 0x00000000c4600000|  0%| F|  |TAMS 0x00000000c4500000, 0x00000000c4500000| Untracked 
|  44|0x00000000c4600000, 0x00000000c4600000, 0x00000000c4700000|  0%| F|  |TAMS 0x00000000c4600000, 0x00000000c4600000| Untracked 
|  45|0x00000000c4700000, 0x00000000c4700000, 0x00000000c4800000|  0%| F|  |TAMS 0x00000000c4700000, 0x00000000c4700000| Untracked 
|  46|0x00000000c4800000, 0x00000000c4800000, 0x00000000c4900000|  0%| F|  |TAMS 0x00000000c4800000, 0x00000000c4800000| Untracked 
|  47|0x00000000c4900000, 0x00000000c4900000, 0x00000000c4a00000|  0%| F|  |TAMS 0x00000000c4900000, 0x00000000c4900000| Untracked 
|  48|0x00000000c4a00000, 0x00000000c4a00000, 0x00000000c4b00000|  0%| F|  |TAMS 0x00000000c4a00000, 0x00000000c4a00000| Untracked 
|  49|0x00000000c4b00000, 0x00000000c4b00000, 0x00000000c4c00000|  0%| F|  |TAMS 0x00000000c4b00000, 0x00000000c4b00000| Untracked 
|  50|0x00000000c4c00000, 0x00000000c4c00000, 0x00000000c4d00000|  0%| F|  |TAMS 0x00000000c4c00000, 0x00000000c4c00000| Untracked 
|  51|0x00000000c4d00000, 0x00000000c4d00000, 0x00000000c4e00000|  0%| F|  |TAMS 0x00000000c4d00000, 0x00000000c4d00000| Untracked 
|  52|0x00000000c4e00000, 0x00000000c4e00000, 0x00000000c4f00000|  0%| F|  |TAMS 0x00000000c4e00000, 0x00000000c4e00000| Untracked 
|  53|0x00000000c4f00000, 0x00000000c4f00000, 0x00000000c5000000|  0%| F|  |TAMS 0x00000000c4f00000, 0x00000000c4f00000| Untracked 
|  54|0x00000000c5000000, 0x00000000c5000000, 0x00000000c5100000|  0%| F|  |TAMS 0x00000000c5000000, 0x00000000c5000000| Untracked 
|  55|0x00000000c5100000, 0x00000000c5100000, 0x00000000c5200000|  0%| F|  |TAMS 0x00000000c5100000, 0x00000000c5100000| Untracked 
|  56|0x00000000c5200000, 0x00000000c5200000, 0x00000000c5300000|  0%| F|  |TAMS 0x00000000c5200000, 0x00000000c5200000| Untracked 
|  57|0x00000000c5300000, 0x00000000c5300000, 0x00000000c5400000|  0%| F|  |TAMS 0x00000000c5300000, 0x00000000c5300000| Untracked 
|  58|0x00000000c5400000, 0x00000000c5400000, 0x00000000c5500000|  0%| F|  |TAMS 0x00000000c5400000, 0x00000000c5400000| Untracked 
|  59|0x00000000c5500000, 0x00000000c5500000, 0x00000000c5600000|  0%| F|  |TAMS 0x00000000c5500000, 0x00000000c5500000| Untracked 
|  60|0x00000000c5600000, 0x00000000c5600000, 0x00000000c5700000|  0%| F|  |TAMS 0x00000000c5600000, 0x00000000c5600000| Untracked 
|  61|0x00000000c5700000, 0x00000000c5700000, 0x00000000c5800000|  0%| F|  |TAMS 0x00000000c5700000, 0x00000000c5700000| Untracked 
|  62|0x00000000c5800000, 0x00000000c5800000, 0x00000000c5900000|  0%| F|  |TAMS 0x00000000c5800000, 0x00000000c5800000| Untracked 
|  63|0x00000000c5900000, 0x00000000c59bd3d8, 0x00000000c5a00000| 73%| E|  |TAMS 0x00000000c5900000, 0x00000000c5900000| Complete 

Card table byte_map: [0x000001e57d610000,0x000001e57d810000] _byte_map_base: 0x000001e57d003000

Marking Bits (Prev, Next): (CMBitMap*) 0x000001e57b772aa8, (CMBitMap*) 0x000001e57b772ae8
 Prev Bits: [0x000001e57da10000, 0x000001e57e9a8000)
 Next Bits: [0x000001e57e9b0000, 0x000001e57f948000)

Polling page: 0x000001e57b820000

Metaspace:

Usage:
  Non-class:      4.00 MB capacity,   115.07 KB (  3%) used,     3.89 MB ( 97%) free+waste,    64 bytes ( <1%) overhead. 
      Class:    384.00 KB capacity,     2.00 KB ( <1%) used,   381.94 KB (>99%) free+waste,    64 bytes ( <1%) overhead. 
       Both:      4.38 MB capacity,   117.07 KB (  3%) used,     4.26 MB ( 97%) free+waste,   128 bytes ( <1%) overhead. 

Virtual space:
  Non-class space:        8.00 MB reserved,       4.00 MB ( 50%) committed 
      Class space:        1.00 GB reserved,     384.00 KB ( <1%) committed 
             Both:        1.01 GB reserved,       4.38 MB ( <1%) committed 

Chunk freelists:
   Non-Class:  0 bytes
       Class:  0 bytes
        Both:  0 bytes

CodeHeap 'non-profiled nmethods': size=120064Kb used=1Kb max_used=1Kb free=120062Kb
 bounds [0x000001e50fdf0000, 0x000001e510060000, 0x000001e517330000]
CodeHeap 'profiled nmethods': size=120000Kb used=0Kb max_used=0Kb free=120000Kb
 bounds [0x000001e5088c0000, 0x000001e508b30000, 0x000001e50fdf0000]
CodeHeap 'non-nmethods': size=5696Kb used=406Kb max_used=408Kb free=5289Kb
 bounds [0x000001e508330000, 0x000001e5085a0000, 0x000001e5088c0000]
 total_blobs=250 nmethods=1 adapters=155
 compilation: enabled
              stopped_count=0, restarted_count=0
 full_count=0

Compilation events (0 events):
No events

GC Heap History (0 events):
No events

Deoptimization events (0 events):
No events

Classes redefined (0 events):
No events

Internal exceptions (0 events):
No events

Events (8 events):
Event: 0.055 Thread 0x000001e57b745800 Thread added: 0x000001e57b745800
Event: 0.101 Thread 0x000001e57fcd4800 Thread added: 0x000001e57fcd4800
Event: 0.101 Thread 0x000001e57fcd6800 Thread added: 0x000001e57fcd6800
Event: 0.124 Thread 0x000001e57fcf1800 Thread added: 0x000001e57fcf1800
Event: 0.124 Thread 0x000001e57fcf3800 Thread added: 0x000001e57fcf3800
Event: 0.124 Thread 0x000001e57fcf4800 Thread added: 0x000001e57fcf4800
Event: 0.272 Thread 0x000001e57fd65000 Thread added: 0x000001e57fd65000
Event: 0.280 Thread 0x000001e57fd66800 Thread added: 0x000001e57fd66800


Dynamic libraries:
0x00007ff7a09a0000 - 0x00007ff7a09af000 	C:\Program Files\Java\jdk-12.0.1\bin\javaw.exe
0x00007ff85acc0000 - 0x00007ff85aea1000 	C:\WINDOWS\SYSTEM32\ntdll.dll
0x00007ff85abd0000 - 0x00007ff85ac81000 	C:\WINDOWS\System32\KERNEL32.DLL
0x00007ff857470000 - 0x00007ff8576e3000 	C:\WINDOWS\System32\KERNELBASE.dll
0x00007ff857ea0000 - 0x00007ff857f98000 	C:\WINDOWS\System32\ucrtbase.dll
0x00007ff83c700000 - 0x00007ff83c718000 	C:\Program Files\Java\jdk-12.0.1\bin\jli.dll
0x00007ff858220000 - 0x00007ff8582c1000 	C:\WINDOWS\System32\ADVAPI32.dll
0x00007ff8588c0000 - 0x00007ff85895e000 	C:\WINDOWS\System32\msvcrt.dll
0x00007ff858e30000 - 0x00007ff858e8b000 	C:\WINDOWS\System32\sechost.dll
0x00007ff858af0000 - 0x00007ff858c14000 	C:\WINDOWS\System32\RPCRT4.dll
0x00007ff858960000 - 0x00007ff858af0000 	C:\WINDOWS\System32\USER32.dll
0x00007ff857450000 - 0x00007ff857470000 	C:\WINDOWS\System32\win32u.dll
0x00007ff858150000 - 0x00007ff858178000 	C:\WINDOWS\System32\GDI32.dll
0x00007ff857fa0000 - 0x00007ff858131000 	C:\WINDOWS\System32\gdi32full.dll
0x00007ff857e00000 - 0x00007ff857e9f000 	C:\WINDOWS\System32\msvcp_win.dll
0x00007ff8390e0000 - 0x00007ff8390f6000 	C:\Program Files\Java\jdk-12.0.1\bin\VCRUNTIME140.dll
0x00007ff84b0e0000 - 0x00007ff84b349000 	C:\WINDOWS\WinSxS\amd64_microsoft.windows.common-controls_6595b64144ccf1df_6.0.17134.1006_none_d3fbb8f77c940c3f\COMCTL32.dll
0x00007ff859360000 - 0x00007ff859681000 	C:\WINDOWS\System32\combase.dll
0x00007ff857370000 - 0x00007ff8573e9000 	C:\WINDOWS\System32\bcryptPrimitives.dll
0x00007ff84d6b0000 - 0x00007ff84d6ba000 	C:\WINDOWS\SYSTEM32\VERSION.dll
0x00007ff8591c0000 - 0x00007ff8591ed000 	C:\WINDOWS\System32\IMM32.DLL
0x00007ff81d690000 - 0x00007ff81d73a000 	C:\Program Files\Java\jdk-12.0.1\bin\msvcp140.dll
0x00007ff82c790000 - 0x00007ff82d304000 	C:\Program Files\Java\jdk-12.0.1\bin\server\jvm.dll
0x00007ff858350000 - 0x00007ff858358000 	C:\WINDOWS\System32\PSAPI.DLL
0x00007ff853d40000 - 0x00007ff853d49000 	C:\WINDOWS\SYSTEM32\WSOCK32.dll
0x00007ff858c40000 - 0x00007ff858cac000 	C:\WINDOWS\System32\WS2_32.dll
0x00007ff84af70000 - 0x00007ff84af93000 	C:\WINDOWS\SYSTEM32\WINMM.dll
0x00007ff84af40000 - 0x00007ff84af6a000 	C:\WINDOWS\SYSTEM32\WINMMBASE.dll
0x00007ff857320000 - 0x00007ff857369000 	C:\WINDOWS\System32\cfgmgr32.dll
0x00007ff857040000 - 0x00007ff857051000 	C:\WINDOWS\System32\kernel.appcore.dll
0x00007ff851430000 - 0x00007ff851441000 	C:\Program Files\Java\jdk-12.0.1\bin\verify.dll
0x00007ff852f80000 - 0x00007ff853149000 	C:\WINDOWS\SYSTEM32\DBGHELP.DLL
0x00007ff852f50000 - 0x00007ff852f79000 	C:\WINDOWS\SYSTEM32\dbgcore.DLL
0x00007ff8477f0000 - 0x00007ff847816000 	C:\Program Files\Java\jdk-12.0.1\bin\java.dll
0x00007ff850fc0000 - 0x00007ff850fd7000 	C:\Program Files\Java\jdk-12.0.1\bin\zip.dll
0x00007ff853450000 - 0x00007ff85345a000 	C:\Program Files\Java\jdk-12.0.1\bin\jimage.dll
0x00007ff859690000 - 0x00007ff85aad2000 	C:\WINDOWS\System32\SHELL32.dll
0x00007ff858810000 - 0x00007ff8588b9000 	C:\WINDOWS\System32\shcore.dll
0x00007ff8576f0000 - 0x00007ff857dfe000 	C:\WINDOWS\System32\windows.storage.dll
0x00007ff858e90000 - 0x00007ff858ee1000 	C:\WINDOWS\System32\shlwapi.dll
0x00007ff857060000 - 0x00007ff85707f000 	C:\WINDOWS\System32\profapi.dll
0x00007ff856fc0000 - 0x00007ff85700c000 	C:\WINDOWS\System32\powrprof.dll
0x00007ff857010000 - 0x00007ff85701a000 	C:\WINDOWS\System32\FLTLIB.DLL

dbghelp: loaded successfully - version: 4.0.5 - missing functions: none
symbol engine: initialized successfully - sym options: 0x614 - pdb path: .;C:\Program Files\Java\jdk-12.0.1\bin;C:\WINDOWS\SYSTEM32;C:\WINDOWS\WinSxS\amd64_microsoft.windows.common-controls_6595b64144ccf1df_6.0.17134.1006_none_d3fbb8f77c940c3f;C:\Program Files\Java\jdk-12.0.1\bin\server

VM Arguments:
jvm_args: -ea -Dfile.encoding=Cp1252 
java_command: org.testng.remote.RemoteTestNG -serport 63888 -protocol json -d E:\WebdriverMAnager-Jupiter\RestAssuredLearning\test-output C:\Users\WIN10\AppData\Local\Temp\testng-eclipse--1502234876\testng-customsuite.xml
java_class_path (initial): E:\SOFTWARE\eclipse\configuration\org.eclipse.osgi\973\0\.cp\lib\testng-remote.jar;E:\WebdriverMAnager-Jupiter\RestAssuredLearning\bin;E:\SOFTWARE\rest-assured-4.1.1-dist\rest-assured-4.1.1.jar;E:\SOFTWARE\rest-assured-4.1.1-dist\rest-assured-4.1.1-deps\activation-1.1.1.jar;E:\SOFTWARE\rest-assured-4.1.1-dist\rest-assured-4.1.1-deps\commons-codec-1.9.jar;E:\SOFTWARE\rest-assured-4.1.1-dist\rest-assured-4.1.1-deps\commons-lang3-3.4.jar;E:\SOFTWARE\rest-assured-4.1.1-dist\rest-assured-4.1.1-deps\commons-logging-1.2.jar;E:\SOFTWARE\rest-assured-4.1.1-dist\rest-assured-4.1.1-deps\groovy-2.5.6.jar;E:\SOFTWARE\rest-assured-4.1.1-dist\rest-assured-4.1.1-deps\groovy-json-2.5.6.jar;E:\SOFTWARE\rest-assured-4.1.1-dist\rest-assured-4.1.1-deps\groovy-xml-2.5.6.jar;E:\SOFTWARE\rest-assured-4.1.1-dist\rest-assured-4.1.1-deps\hamcrest-2.1.jar;E:\SOFTWARE\rest-assured-4.1.1-dist\rest-assured-4.1.1-deps\httpclient-4.5.3.jar;E:\SOFTWARE\rest-assured-4.1.1-dist\rest-assured-4.1.1-deps\httpcore-4.4.6.jar;E:\SOFTWARE\rest-assured-4.1.1-dist\rest-assured-4.1.1-deps\httpmime-4.5.3.jar;E:\SOFTWARE\rest-assured-4.1.1-dist\rest-assured-4.1.1-deps\javax.activation-api-1.2.0.jar;E:\SOFTWARE\rest-assured-4.1.1-dist\rest-assured-4.1.1-deps\jaxb-api-2.3.1.jar;E:\SOFTWARE\rest-assured-4.1.1-dist\rest-assured-4.1.1-deps\jaxb-osgi-2.3.0.1.jar;E:\SOFTWARE\rest-assured-4.1.1-dist\rest-assured-4.1.1-deps\org.apache.sling.javax.activation-0.1.0.jar;E:\SOFTWARE\rest-assured-4.1.1-dist\rest-assured-4.1.1-deps\tagsoup-1.2.1.jar;E:\SOFTWARE\eclipse\plugins\org.testng_7.0.0.r201908191551.jar;E:\SOFTWARE\eclipse\plugins\com.beust.jcommander_1.72.0.jar;E:\SOFTWARE\eclipse\plugins\org.apache-extras.beanshell.bsh_2.0.0.b6.jar;E:\SOFTWARE\eclipse\plugins\org.yaml.snakeyaml_1.21.0.jar
Launcher Type: SUN_STANDARD

[Global flags]
     intx CICompilerCount                          = 2                                         {product} {ergonomic}
     uint ConcGCThreads                            = 1                                         {product} {ergonomic}
     uint G1ConcRefinementThreads                  = 2                                         {product} {ergonomic}
   size_t G1HeapRegionSize                         = 1048576                                   {product} {ergonomic}
    uintx GCDrainStackTargetSize                   = 64                                        {product} {ergonomic}
   size_t InitialHeapSize                          = 67108864                                  {product} {ergonomic}
   size_t MarkStackSize                            = 4194304                                   {product} {ergonomic}
   size_t MaxHeapSize                              = 1046478848                                {product} {ergonomic}
   size_t MaxNewSize                               = 627048448                                 {product} {ergonomic}
   size_t MinHeapDeltaBytes                        = 1048576                                   {product} {ergonomic}
    uintx NonNMethodCodeHeapSize                   = 5825164                                {pd product} {ergonomic}
    uintx NonProfiledCodeHeapSize                  = 122916538                              {pd product} {ergonomic}
    uintx ProfiledCodeHeapSize                     = 122916538                              {pd product} {ergonomic}
    uintx ReservedCodeCacheSize                    = 251658240                              {pd product} {ergonomic}
     bool SegmentedCodeCache                       = true                                      {product} {ergonomic}
     bool UseCompressedClassPointers               = true                                 {lp64_product} {ergonomic}
     bool UseCompressedOops                        = true                                 {lp64_product} {ergonomic}
     bool UseG1GC                                  = true                                      {product} {ergonomic}
     bool UseLargePagesIndividualAllocation        = false                                  {pd product} {ergonomic}

Logging:
Log output configuration:
 #0: stdout all=warning uptime,level,tags
 #1: stderr all=off uptime,level,tags

Environment Variables:
PATH=C:/Program Files/Java/jdk-12.0.1/bin/server;C:/Program Files/Java/jdk-12.0.1/bin;C:\WINDOWS\system32;C:\WINDOWS;C:\WINDOWS\System32\Wbem;C:\WINDOWS\System32\WindowsPowerShell\v1.0\;C:\Program Files\Java\jdk-12.0.1\bin;C:\Program Files\nodejs\;C:\WINDOWS\System32\OpenSSH\;C:\Program Files\MySQL\MySQL Utilities 1.6\;C:\Program Files\Maven\apache-maven-3.6.1\bin;C:\Users\WIN10\scoop\shims;C:\Program Files\MySQL\MySQL Shell 8.0\bin\;C:\Users\WIN10\AppData\Local\Programs\Microsoft VS Code\bin;E:\SOFTWARE\eclipse;
USERNAME=WIN10
OS=Windows_NT
PROCESSOR_IDENTIFIER=Intel64 Family 6 Model 55 Stepping 8, GenuineIntel



---------------  S Y S T E M  ---------------

OS: Windows 10 , 64 bit Build 17134 (10.0.17134.753)

CPU:total 2 (initial active 2) (2 cores per cpu, 1 threads per core) family 6 model 55 stepping 8, cmov, cx8, fxsr, mmx, sse, sse2, sse3, ssse3, sse4.1, sse4.2, popcnt, clmul, erms, 3dnowpref, tsc, tscinvbit

Memory: 4k page, system-wide physical 3991M (384M free)
TotalPageFile size 8343M (AvailPageFile size 1789M)
current process WorkingSet (physical memory assigned to process): 21M, peak: 21M
current process commit charge ("private bytes"): 126M, peak: 126M

vm_info: Java HotSpot(TM) 64-Bit Server VM (12.0.1+12) for windows-amd64 JRE (12.0.1+12), built on Apr  2 2019 14:02:19 by "mach5one" with MS VC++ 15.5 (VS2017)

END.
